<?xml version="1.0" encoding="UTF-8"?>
<testng-results ignored="0" total="9" passed="9" failed="0" skipped="0">
  <reporter-output>
  </reporter-output>
  <suite started-at="2022-10-06T13:15:13 CDT" name="Suite" finished-at="2022-10-06T13:15:13 CDT" duration-ms="109">
    <groups>
    </groups>
    <test started-at="2022-10-06T13:15:13 CDT" name="Test" finished-at="2022-10-06T13:15:13 CDT" duration-ms="109">
      <class name="com.Mavenpackage1.Mavenclass2">
        <test-method signature="test5()[pri:0, instance:com.Mavenpackage1.Mavenclass2@f5ac9e4]" started-at="2022-10-06T13:15:13 CDT" name="test5" finished-at="2022-10-06T13:15:13 CDT" duration-ms="13" status="PASS">
          <reporter-output>
          </reporter-output>
        </test-method> <!-- test5 -->
        <test-method signature="test6()[pri:0, instance:com.Mavenpackage1.Mavenclass2@f5ac9e4]" started-at="2022-10-06T13:15:13 CDT" name="test6" finished-at="2022-10-06T13:15:13 CDT" duration-ms="1" status="PASS">
          <reporter-output>
          </reporter-output>
        </test-method> <!-- test6 -->
        <test-method signature="test7()[pri:0, instance:com.Mavenpackage1.Mavenclass2@f5ac9e4]" started-at="2022-10-06T13:15:13 CDT" name="test7" finished-at="2022-10-06T13:15:13 CDT" duration-ms="2" status="PASS">
          <reporter-output>
          </reporter-output>
        </test-method> <!-- test7 -->
      </class> <!-- com.Mavenpackage1.Mavenclass2 -->
      <class name="com.Mavenpackage1.Mavenclass3">
        <test-method signature="test7()[pri:0, instance:com.Mavenpackage1.Mavenclass3@52e6fdee]" started-at="2022-10-06T13:15:13 CDT" name="test7" finished-at="2022-10-06T13:15:13 CDT" duration-ms="2" status="PASS">
          <reporter-output>
          </reporter-output>
        </test-method> <!-- test7 -->
        <test-method signature="test8()[pri:0, instance:com.Mavenpackage1.Mavenclass3@52e6fdee]" started-at="2022-10-06T13:15:13 CDT" name="test8" finished-at="2022-10-06T13:15:13 CDT" duration-ms="2" status="PASS">
          <reporter-output>
          </reporter-output>
        </test-method> <!-- test8 -->
      </class> <!-- com.Mavenpackage1.Mavenclass3 -->
      <class name="com.Mavenpackage1.Mavenclass1">
        <test-method signature="test1()[pri:0, instance:com.Mavenpackage1.Mavenclass1@6c80d78a]" started-at="2022-10-06T13:15:13 CDT" name="test1" finished-at="2022-10-06T13:15:13 CDT" duration-ms="1" status="PASS">
          <reporter-output>
          </reporter-output>
        </test-method> <!-- test1 -->
        <test-method signature="test2()[pri:0, instance:com.Mavenpackage1.Mavenclass1@6c80d78a]" started-at="2022-10-06T13:15:13 CDT" name="test2" finished-at="2022-10-06T13:15:13 CDT" duration-ms="1" status="PASS">
          <reporter-output>
          </reporter-output>
        </test-method> <!-- test2 -->
        <test-method signature="test3()[pri:0, instance:com.Mavenpackage1.Mavenclass1@6c80d78a]" started-at="2022-10-06T13:15:13 CDT" name="test3" finished-at="2022-10-06T13:15:13 CDT" duration-ms="2" status="PASS">
          <reporter-output>
          </reporter-output>
        </test-method> <!-- test3 -->
        <test-method signature="test4()[pri:0, instance:com.Mavenpackage1.Mavenclass1@6c80d78a]" started-at="2022-10-06T13:15:13 CDT" name="test4" finished-at="2022-10-06T13:15:13 CDT" duration-ms="2" status="PASS">
          <reporter-output>
          </reporter-output>
        </test-method> <!-- test4 -->
      </class> <!-- com.Mavenpackage1.Mavenclass1 -->
    </test> <!-- Test -->
  </suite> <!-- Suite -->
</testng-results>
