<?xml version="1.0" encoding="UTF-8"?>
<!-- Generated by org.testng.reporters.JUnitXMLReporter -->
<testsuite ignored="0" hostname="Harika" failures="0" tests="9" name="Test" time="0.109" errors="0" timestamp="2022-10-06T13:15:13 CDT">
  <testcase classname="com.Mavenpackage1.Mavenclass2" name="test5" time="0.013"/>
  <testcase classname="com.Mavenpackage1.Mavenclass2" name="test6" time="0.001"/>
  <testcase classname="com.Mavenpackage1.Mavenclass2" name="test7" time="0.002"/>
  <testcase classname="com.Mavenpackage1.Mavenclass3" name="test7" time="0.002"/>
  <testcase classname="com.Mavenpackage1.Mavenclass3" name="test8" time="0.002"/>
  <testcase classname="com.Mavenpackage1.Mavenclass1" name="test1" time="0.001"/>
  <testcase classname="com.Mavenpackage1.Mavenclass1" name="test2" time="0.001"/>
  <testcase classname="com.Mavenpackage1.Mavenclass1" name="test3" time="0.002"/>
  <testcase classname="com.Mavenpackage1.Mavenclass1" name="test4" time="0.002"/>
</testsuite> <!-- Test -->
