<?xml version="1.0" encoding="UTF-8"?>
<testng-results ignored="0" total="2" passed="2" failed="0" skipped="0">
  <reporter-output>
  </reporter-output>
  <suite started-at="2022-10-12T15:01:52 CDT" name="Default suite" finished-at="2022-10-12T15:01:52 CDT" duration-ms="78">
    <groups>
    </groups>
    <test started-at="2022-10-12T15:01:52 CDT" name="Default test" finished-at="2022-10-12T15:01:52 CDT" duration-ms="78">
      <class name="com.MavenCheckPkg.MavenTestngclass">
        <test-method is-config="true" signature="beforetest()[pri:0, instance:com.MavenCheckPkg.MavenTestngclass@4fb61f4a]" started-at="2022-10-12T15:01:52 CDT" name="beforetest" finished-at="2022-10-12T15:01:52 CDT" duration-ms="14" status="PASS">
          <reporter-output>
          </reporter-output>
        </test-method> <!-- beforetest -->
        <test-method signature="test1()[pri:0, instance:com.MavenCheckPkg.MavenTestngclass@4fb61f4a]" started-at="2022-10-12T15:01:52 CDT" name="test1" finished-at="2022-10-12T15:01:52 CDT" duration-ms="8" status="PASS">
          <reporter-output>
          </reporter-output>
        </test-method> <!-- test1 -->
        <test-method is-config="true" signature="beforetest()[pri:0, instance:com.MavenCheckPkg.MavenTestngclass@4fb61f4a]" started-at="2022-10-12T15:01:52 CDT" name="beforetest" finished-at="2022-10-12T15:01:52 CDT" duration-ms="1" status="PASS">
          <reporter-output>
          </reporter-output>
        </test-method> <!-- beforetest -->
        <test-method signature="test2()[pri:0, instance:com.MavenCheckPkg.MavenTestngclass@4fb61f4a]" started-at="2022-10-12T15:01:52 CDT" name="test2" finished-at="2022-10-12T15:01:52 CDT" duration-ms="2" status="PASS">
          <reporter-output>
          </reporter-output>
        </test-method> <!-- test2 -->
        <test-method is-config="true" signature="aftertest()[pri:0, instance:com.MavenCheckPkg.MavenTestngclass@4fb61f4a]" started-at="2022-10-12T15:01:52 CDT" name="aftertest" finished-at="2022-10-12T15:01:52 CDT" duration-ms="1" status="PASS">
          <reporter-output>
          </reporter-output>
        </test-method> <!-- aftertest -->
      </class> <!-- com.MavenCheckPkg.MavenTestngclass -->
    </test> <!-- Default test -->
  </suite> <!-- Default suite -->
</testng-results>
